This is pdfTeX, Version 3.14159265-2.6-1.40.20 (TeX Live 2019/Debian) (preloaded format=pdflatex 2021.1.21)  22 JAN 2021 10:25
entering extended mode
 restricted \write18 enabled.
 file:line:error style messages enabled.
 %&-line parsing enabled.
**/home/valentin/Documents/AGH/Stochastic/report/main.tex
(/home/valentin/Documents/AGH/Stochastic/report/main.tex
LaTeX2e <2020-02-02> patch level 2
L3 programming layer <2020-02-14> (/usr/share/texlive/texmf-dist/tex/latex/base/article.cls
Document Class: article 2019/12/20 v1.4l Standard LaTeX document class
(/usr/share/texlive/texmf-dist/tex/latex/base/size11.clo
File: size11.clo 2019/12/20 v1.4l Standard LaTeX file (size option)
)
\c@part=\count167
\c@section=\count168
\c@subsection=\count169
\c@subsubsection=\count170
\c@paragraph=\count171
\c@subparagraph=\count172
\c@figure=\count173
\c@table=\count174
\abovecaptionskip=\skip47
\belowcaptionskip=\skip48
\bibindent=\dimen134
)

! LaTeX Error: File `tcolorbox.sty' not found.

Type X to quit or <RETURN> to proceed,
or enter new name. (Default extension: sty)

Enter file name: 
/home/valentin/Documents/AGH/Stochastic/report/main.tex:4: Emergency stop.
<read *> 
         
l.4     \usepackage
                   {parskip} % Stop auto-indenting (to mimic markdown behavi...
*** (cannot \read from terminal in nonstop modes)

 
Here is how much of TeX's memory you used:
 226 strings out of 483183
 2714 string characters out of 5966292
 231602 words of memory out of 5000000
 15332 multiletter control sequences out of 15000+600000
 532638 words of font info for 25 fonts, out of 8000000 for 9000
 14 hyphenation exceptions out of 8191
 23i,0n,21p,168b,36s stack positions out of 5000i,500n,10000p,200000b,80000s
/home/valentin/Documents/AGH/Stochastic/report/main.tex:4:  ==> Fatal error occurred, no output PDF file produced!
